running bdist_deb
running sdist_dsc
CALLING dpkg-source -b f-r-eiertag-1.0 (in dir deb_dist)
dpkg-source: Information: Quellformat »3.0 (quilt)« wird verwendet
dpkg-source: Information: f-r-eiertag wird unter Benutzung des existierenden ./f-r-eiertag_1.0.orig.tar.gz gebaut
dpkg-source: Information: f-r-eiertag wird in f-r-eiertag_1.0-1.debian.tar.gz gebaut
dpkg-source: Information: f-r-eiertag wird in f-r-eiertag_1.0-1.dsc gebaut
dpkg-source: Warnung: unsigniertes Quellpaket wird extrahiert (f-r-eiertag_1.0-1.dsc)
dpkg-source: Information: f-r-eiertag wird nach f-r-eiertag-1.0 extrahiert
dpkg-source: Information: f-r-eiertag_1.0.orig.tar.gz wird entpackt
dpkg-source: Information: f-r-eiertag_1.0-1.debian.tar.gz wird entpackt
dpkg-buildpackage: exportieren von CFLAGS aus dpkg-buildflags (Quelle: vendor): -g -O2
dpkg-buildpackage: exportieren von CPPFLAGS aus dpkg-buildflags (Quelle: vendor): 
dpkg-buildpackage: exportieren von CXXFLAGS aus dpkg-buildflags (Quelle: vendor): -g -O2
dpkg-buildpackage: exportieren von FFLAGS aus dpkg-buildflags (Quelle: vendor): -g -O2
dpkg-buildpackage: exportieren von LDFLAGS aus dpkg-buildflags (Quelle: vendor): -Wl,-Bsymbolic-functions
dpkg-buildpackage: Quellpaket f-r-eiertag
dpkg-buildpackage: Quellversion 1.0-1
dpkg-buildpackage: Quellen geändert durch Gabriel Boehme <m.gabrielboehme@googlemail.com>
 dpkg-source --before-build f-r-eiertag-1.0
dpkg-buildpackage: Host-Architektur amd64
 fakeroot debian/rules clean
dh clean --with python2 --buildsystem=python_distutils
   dh_testdir -O--buildsystem=python_distutils
   dh_auto_clean -O--buildsystem=python_distutils
running clean
'build/lib.linux-x86_64-2.6' does not exist -- can't clean it
'build/bdist.linux-x86_64' does not exist -- can't clean it
'build/scripts-2.6' does not exist -- can't clean it
   dh_clean -O--buildsystem=python_distutils
 debian/rules build
dh build --with python2 --buildsystem=python_distutils
   dh_testdir -O--buildsystem=python_distutils
   dh_auto_configure -O--buildsystem=python_distutils
   dh_auto_build -O--buildsystem=python_distutils
running build
running build_scripts
creating build
creating build/scripts-2.6
copying and adjusting freiertag -> build/scripts-2.6
changing mode of build/scripts-2.6/freiertag from 664 to 775
   dh_auto_test -O--buildsystem=python_distutils
 fakeroot debian/rules binary
dh binary --with python2 --buildsystem=python_distutils
   dh_testroot -O--buildsystem=python_distutils
   dh_prep -O--buildsystem=python_distutils
   dh_installdirs -O--buildsystem=python_distutils
   dh_auto_install -O--buildsystem=python_distutils
running install
running build
running build_scripts
running install_scripts
creating /home/gabriel/Python/Eigene/F(r)eiertag/Harmattan/freiertag/deb_dist/f-r-eiertag-1.0/debian/freiertag/usr
creating /home/gabriel/Python/Eigene/F(r)eiertag/Harmattan/freiertag/deb_dist/f-r-eiertag-1.0/debian/freiertag/usr/bin
copying build/scripts-2.6/freiertag -> /home/gabriel/Python/Eigene/F(r)eiertag/Harmattan/freiertag/deb_dist/f-r-eiertag-1.0/debian/freiertag/usr/bin
changing mode of /home/gabriel/Python/Eigene/F(r)eiertag/Harmattan/freiertag/deb_dist/f-r-eiertag-1.0/debian/freiertag/usr/bin/freiertag to 775
running install_data
creating /home/gabriel/Python/Eigene/F(r)eiertag/Harmattan/freiertag/deb_dist/f-r-eiertag-1.0/debian/freiertag/usr/share
creating /home/gabriel/Python/Eigene/F(r)eiertag/Harmattan/freiertag/deb_dist/f-r-eiertag-1.0/debian/freiertag/usr/share/applications
copying freiertag.desktop -> /home/gabriel/Python/Eigene/F(r)eiertag/Harmattan/freiertag/deb_dist/f-r-eiertag-1.0/debian/freiertag/usr/share/applications
creating /home/gabriel/Python/Eigene/F(r)eiertag/Harmattan/freiertag/deb_dist/f-r-eiertag-1.0/debian/freiertag/usr/share/icons
creating /home/gabriel/Python/Eigene/F(r)eiertag/Harmattan/freiertag/deb_dist/f-r-eiertag-1.0/debian/freiertag/usr/share/icons/hicolor
creating /home/gabriel/Python/Eigene/F(r)eiertag/Harmattan/freiertag/deb_dist/f-r-eiertag-1.0/debian/freiertag/usr/share/icons/hicolor/80x80
creating /home/gabriel/Python/Eigene/F(r)eiertag/Harmattan/freiertag/deb_dist/f-r-eiertag-1.0/debian/freiertag/usr/share/icons/hicolor/80x80/apps
copying freiertag.png -> /home/gabriel/Python/Eigene/F(r)eiertag/Harmattan/freiertag/deb_dist/f-r-eiertag-1.0/debian/freiertag/usr/share/icons/hicolor/80x80/apps
creating /home/gabriel/Python/Eigene/F(r)eiertag/Harmattan/freiertag/deb_dist/f-r-eiertag-1.0/debian/freiertag/usr/share/freiertag
creating /home/gabriel/Python/Eigene/F(r)eiertag/Harmattan/freiertag/deb_dist/f-r-eiertag-1.0/debian/freiertag/usr/share/freiertag/data
creating /home/gabriel/Python/Eigene/F(r)eiertag/Harmattan/freiertag/deb_dist/f-r-eiertag-1.0/debian/freiertag/usr/share/freiertag/data/2011
creating /home/gabriel/Python/Eigene/F(r)eiertag/Harmattan/freiertag/deb_dist/f-r-eiertag-1.0/debian/freiertag/usr/share/freiertag/data/2011/ferien
copying data/2011/ferien/Ferien_Nordrhein_Westfalen_2011.ics -> /home/gabriel/Python/Eigene/F(r)eiertag/Harmattan/freiertag/deb_dist/f-r-eiertag-1.0/debian/freiertag/usr/share/freiertag/data/2011/ferien
copying data/2011/ferien/Ferien_Brandenburg_2011.ics -> /home/gabriel/Python/Eigene/F(r)eiertag/Harmattan/freiertag/deb_dist/f-r-eiertag-1.0/debian/freiertag/usr/share/freiertag/data/2011/ferien
copying data/2011/ferien/Ferien_Baden_Wuerttemberg_2011.ics -> /home/gabriel/Python/Eigene/F(r)eiertag/Harmattan/freiertag/deb_dist/f-r-eiertag-1.0/debian/freiertag/usr/share/freiertag/data/2011/ferien
copying data/2011/ferien/Ferien_Bremen_2011.ics -> /home/gabriel/Python/Eigene/F(r)eiertag/Harmattan/freiertag/deb_dist/f-r-eiertag-1.0/debian/freiertag/usr/share/freiertag/data/2011/ferien
copying data/2011/ferien/Ferien_Berlin_2011.ics -> /home/gabriel/Python/Eigene/F(r)eiertag/Harmattan/freiertag/deb_dist/f-r-eiertag-1.0/debian/freiertag/usr/share/freiertag/data/2011/ferien
copying data/2011/ferien/Ferien_Hessen_2011.ics -> /home/gabriel/Python/Eigene/F(r)eiertag/Harmattan/freiertag/deb_dist/f-r-eiertag-1.0/debian/freiertag/usr/share/freiertag/data/2011/ferien
copying data/2011/ferien/Ferien_Thueringen_2011.ics -> /home/gabriel/Python/Eigene/F(r)eiertag/Harmattan/freiertag/deb_dist/f-r-eiertag-1.0/debian/freiertag/usr/share/freiertag/data/2011/ferien
copying data/2011/ferien/Ferien_Hamburg_2011.ics -> /home/gabriel/Python/Eigene/F(r)eiertag/Harmattan/freiertag/deb_dist/f-r-eiertag-1.0/debian/freiertag/usr/share/freiertag/data/2011/ferien
copying data/2011/ferien/Ferien_Saarland_2011.ics -> /home/gabriel/Python/Eigene/F(r)eiertag/Harmattan/freiertag/deb_dist/f-r-eiertag-1.0/debian/freiertag/usr/share/freiertag/data/2011/ferien
copying data/2011/ferien/Ferien_Rheinland_Pfalz_2011.ics -> /home/gabriel/Python/Eigene/F(r)eiertag/Harmattan/freiertag/deb_dist/f-r-eiertag-1.0/debian/freiertag/usr/share/freiertag/data/2011/ferien
copying data/2011/ferien/Ferien_Bayern_2011.ics -> /home/gabriel/Python/Eigene/F(r)eiertag/Harmattan/freiertag/deb_dist/f-r-eiertag-1.0/debian/freiertag/usr/share/freiertag/data/2011/ferien
copying data/2011/ferien/Ferien_Sachsen_Anhalt_2011.ics -> /home/gabriel/Python/Eigene/F(r)eiertag/Harmattan/freiertag/deb_dist/f-r-eiertag-1.0/debian/freiertag/usr/share/freiertag/data/2011/ferien
copying data/2011/ferien/Ferien_Sachsen_2011.ics -> /home/gabriel/Python/Eigene/F(r)eiertag/Harmattan/freiertag/deb_dist/f-r-eiertag-1.0/debian/freiertag/usr/share/freiertag/data/2011/ferien
copying data/2011/ferien/Ferien_Schleswig_Holstein_2011.ics -> /home/gabriel/Python/Eigene/F(r)eiertag/Harmattan/freiertag/deb_dist/f-r-eiertag-1.0/debian/freiertag/usr/share/freiertag/data/2011/ferien
copying data/2011/ferien/Ferien_Mecklenburg_Vorpommern_2011.ics -> /home/gabriel/Python/Eigene/F(r)eiertag/Harmattan/freiertag/deb_dist/f-r-eiertag-1.0/debian/freiertag/usr/share/freiertag/data/2011/ferien
copying data/2011/ferien/Ferien_Niedersachsen_2011.ics -> /home/gabriel/Python/Eigene/F(r)eiertag/Harmattan/freiertag/deb_dist/f-r-eiertag-1.0/debian/freiertag/usr/share/freiertag/data/2011/ferien
creating /home/gabriel/Python/Eigene/F(r)eiertag/Harmattan/freiertag/deb_dist/f-r-eiertag-1.0/debian/freiertag/usr/share/freiertag/data/2011/feiertage
copying data/2011/feiertage/Feiertage_Baden_Wuerttemberg_2011.ics -> /home/gabriel/Python/Eigene/F(r)eiertag/Harmattan/freiertag/deb_dist/f-r-eiertag-1.0/debian/freiertag/usr/share/freiertag/data/2011/feiertage
copying data/2011/feiertage/Feiertage_Bayern_2011.ics -> /home/gabriel/Python/Eigene/F(r)eiertag/Harmattan/freiertag/deb_dist/f-r-eiertag-1.0/debian/freiertag/usr/share/freiertag/data/2011/feiertage
copying data/2011/feiertage/Feiertage_Hessen_2011.ics -> /home/gabriel/Python/Eigene/F(r)eiertag/Harmattan/freiertag/deb_dist/f-r-eiertag-1.0/debian/freiertag/usr/share/freiertag/data/2011/feiertage
copying data/2011/feiertage/Feiertage_Niedersachsen_2011.ics -> /home/gabriel/Python/Eigene/F(r)eiertag/Harmattan/freiertag/deb_dist/f-r-eiertag-1.0/debian/freiertag/usr/share/freiertag/data/2011/feiertage
copying data/2011/feiertage/Feiertage_Nordrhein_Westfalen_2011.ics -> /home/gabriel/Python/Eigene/F(r)eiertag/Harmattan/freiertag/deb_dist/f-r-eiertag-1.0/debian/freiertag/usr/share/freiertag/data/2011/feiertage
copying data/2011/feiertage/Feiertage_Brandenburg_2011.ics -> /home/gabriel/Python/Eigene/F(r)eiertag/Harmattan/freiertag/deb_dist/f-r-eiertag-1.0/debian/freiertag/usr/share/freiertag/data/2011/feiertage
copying data/2011/feiertage/Feiertage_Hamburg_2011.ics -> /home/gabriel/Python/Eigene/F(r)eiertag/Harmattan/freiertag/deb_dist/f-r-eiertag-1.0/debian/freiertag/usr/share/freiertag/data/2011/feiertage
copying data/2011/feiertage/Feiertage_Berlin_2011.ics -> /home/gabriel/Python/Eigene/F(r)eiertag/Harmattan/freiertag/deb_dist/f-r-eiertag-1.0/debian/freiertag/usr/share/freiertag/data/2011/feiertage
copying data/2011/feiertage/Feiertage_Bremen_2011.ics -> /home/gabriel/Python/Eigene/F(r)eiertag/Harmattan/freiertag/deb_dist/f-r-eiertag-1.0/debian/freiertag/usr/share/freiertag/data/2011/feiertage
copying data/2011/feiertage/Feiertage_Schleswig_Holstein_2011.ics -> /home/gabriel/Python/Eigene/F(r)eiertag/Harmattan/freiertag/deb_dist/f-r-eiertag-1.0/debian/freiertag/usr/share/freiertag/data/2011/feiertage
copying data/2011/feiertage/Feiertage_Sachsen_2011.ics -> /home/gabriel/Python/Eigene/F(r)eiertag/Harmattan/freiertag/deb_dist/f-r-eiertag-1.0/debian/freiertag/usr/share/freiertag/data/2011/feiertage
copying data/2011/feiertage/Feiertage_Rheinland_Pfalz_2011.ics -> /home/gabriel/Python/Eigene/F(r)eiertag/Harmattan/freiertag/deb_dist/f-r-eiertag-1.0/debian/freiertag/usr/share/freiertag/data/2011/feiertage
copying data/2011/feiertage/Feiertage_Sachsen_Anhalt_2011.ics -> /home/gabriel/Python/Eigene/F(r)eiertag/Harmattan/freiertag/deb_dist/f-r-eiertag-1.0/debian/freiertag/usr/share/freiertag/data/2011/feiertage
copying data/2011/feiertage/Feiertage_2011.ics -> /home/gabriel/Python/Eigene/F(r)eiertag/Harmattan/freiertag/deb_dist/f-r-eiertag-1.0/debian/freiertag/usr/share/freiertag/data/2011/feiertage
copying data/2011/feiertage/Feiertage_Thueringen_2011.ics -> /home/gabriel/Python/Eigene/F(r)eiertag/Harmattan/freiertag/deb_dist/f-r-eiertag-1.0/debian/freiertag/usr/share/freiertag/data/2011/feiertage
copying data/2011/feiertage/Feiertage_Saarland_2011.ics -> /home/gabriel/Python/Eigene/F(r)eiertag/Harmattan/freiertag/deb_dist/f-r-eiertag-1.0/debian/freiertag/usr/share/freiertag/data/2011/feiertage
copying data/2011/feiertage/Feiertage_Mecklenburg_Vorpommern_2011.ics -> /home/gabriel/Python/Eigene/F(r)eiertag/Harmattan/freiertag/deb_dist/f-r-eiertag-1.0/debian/freiertag/usr/share/freiertag/data/2011/feiertage
creating /home/gabriel/Python/Eigene/F(r)eiertag/Harmattan/freiertag/deb_dist/f-r-eiertag-1.0/debian/freiertag/usr/share/freiertag/data/2012
creating /home/gabriel/Python/Eigene/F(r)eiertag/Harmattan/freiertag/deb_dist/f-r-eiertag-1.0/debian/freiertag/usr/share/freiertag/data/2012/ferien
copying data/2012/ferien/Ferien_Mecklenburg_Vorpommern_2012.ics -> /home/gabriel/Python/Eigene/F(r)eiertag/Harmattan/freiertag/deb_dist/f-r-eiertag-1.0/debian/freiertag/usr/share/freiertag/data/2012/ferien
copying data/2012/ferien/Ferien_Rheinland_Pfalz_2012.ics -> /home/gabriel/Python/Eigene/F(r)eiertag/Harmattan/freiertag/deb_dist/f-r-eiertag-1.0/debian/freiertag/usr/share/freiertag/data/2012/ferien
copying data/2012/ferien/Ferien_Bremen_2012.ics -> /home/gabriel/Python/Eigene/F(r)eiertag/Harmattan/freiertag/deb_dist/f-r-eiertag-1.0/debian/freiertag/usr/share/freiertag/data/2012/ferien
copying data/2012/ferien/Ferien_Saarland_2012.ics -> /home/gabriel/Python/Eigene/F(r)eiertag/Harmattan/freiertag/deb_dist/f-r-eiertag-1.0/debian/freiertag/usr/share/freiertag/data/2012/ferien
copying data/2012/ferien/Ferien_Schleswig_Holstein_2012.ics -> /home/gabriel/Python/Eigene/F(r)eiertag/Harmattan/freiertag/deb_dist/f-r-eiertag-1.0/debian/freiertag/usr/share/freiertag/data/2012/ferien
copying data/2012/ferien/Ferien_Berlin_2012.ics -> /home/gabriel/Python/Eigene/F(r)eiertag/Harmattan/freiertag/deb_dist/f-r-eiertag-1.0/debian/freiertag/usr/share/freiertag/data/2012/ferien
copying data/2012/ferien/Ferien_Nordrhein_Westfalen_2012.ics -> /home/gabriel/Python/Eigene/F(r)eiertag/Harmattan/freiertag/deb_dist/f-r-eiertag-1.0/debian/freiertag/usr/share/freiertag/data/2012/ferien
copying data/2012/ferien/Ferien_Sachsen_Anhalt_2012.ics -> /home/gabriel/Python/Eigene/F(r)eiertag/Harmattan/freiertag/deb_dist/f-r-eiertag-1.0/debian/freiertag/usr/share/freiertag/data/2012/ferien
copying data/2012/ferien/Ferien_Bayern_2012.ics -> /home/gabriel/Python/Eigene/F(r)eiertag/Harmattan/freiertag/deb_dist/f-r-eiertag-1.0/debian/freiertag/usr/share/freiertag/data/2012/ferien
copying data/2012/ferien/Ferien_Sachsen_2012.ics -> /home/gabriel/Python/Eigene/F(r)eiertag/Harmattan/freiertag/deb_dist/f-r-eiertag-1.0/debian/freiertag/usr/share/freiertag/data/2012/ferien
copying data/2012/ferien/Ferien_Niedersachsen_2012.ics -> /home/gabriel/Python/Eigene/F(r)eiertag/Harmattan/freiertag/deb_dist/f-r-eiertag-1.0/debian/freiertag/usr/share/freiertag/data/2012/ferien
copying data/2012/ferien/Ferien_Baden_Wuerttemberg_2012.ics -> /home/gabriel/Python/Eigene/F(r)eiertag/Harmattan/freiertag/deb_dist/f-r-eiertag-1.0/debian/freiertag/usr/share/freiertag/data/2012/ferien
copying data/2012/ferien/Ferien_Thueringen_2012.ics -> /home/gabriel/Python/Eigene/F(r)eiertag/Harmattan/freiertag/deb_dist/f-r-eiertag-1.0/debian/freiertag/usr/share/freiertag/data/2012/ferien
copying data/2012/ferien/Ferien_Brandenburg_2012.ics -> /home/gabriel/Python/Eigene/F(r)eiertag/Harmattan/freiertag/deb_dist/f-r-eiertag-1.0/debian/freiertag/usr/share/freiertag/data/2012/ferien
copying data/2012/ferien/Ferien_Hamburg_2012.ics -> /home/gabriel/Python/Eigene/F(r)eiertag/Harmattan/freiertag/deb_dist/f-r-eiertag-1.0/debian/freiertag/usr/share/freiertag/data/2012/ferien
copying data/2012/ferien/Ferien_Hessen_2012.ics -> /home/gabriel/Python/Eigene/F(r)eiertag/Harmattan/freiertag/deb_dist/f-r-eiertag-1.0/debian/freiertag/usr/share/freiertag/data/2012/ferien
creating /home/gabriel/Python/Eigene/F(r)eiertag/Harmattan/freiertag/deb_dist/f-r-eiertag-1.0/debian/freiertag/usr/share/freiertag/data/2012/feiertage
copying data/2012/feiertage/Feiertage_Sachsen_Anhalt_2012.ics -> /home/gabriel/Python/Eigene/F(r)eiertag/Harmattan/freiertag/deb_dist/f-r-eiertag-1.0/debian/freiertag/usr/share/freiertag/data/2012/feiertage
copying data/2012/feiertage/Feiertage_Niedersachsen_2012.ics -> /home/gabriel/Python/Eigene/F(r)eiertag/Harmattan/freiertag/deb_dist/f-r-eiertag-1.0/debian/freiertag/usr/share/freiertag/data/2012/feiertage
copying data/2012/feiertage/Feiertage_Bayern_2012.ics -> /home/gabriel/Python/Eigene/F(r)eiertag/Harmattan/freiertag/deb_dist/f-r-eiertag-1.0/debian/freiertag/usr/share/freiertag/data/2012/feiertage
copying data/2012/feiertage/Feiertage_Baden_Wuerttemberg_2012.ics -> /home/gabriel/Python/Eigene/F(r)eiertag/Harmattan/freiertag/deb_dist/f-r-eiertag-1.0/debian/freiertag/usr/share/freiertag/data/2012/feiertage
copying data/2012/feiertage/Feiertage_Rheinland_Pfalz_2012.ics -> /home/gabriel/Python/Eigene/F(r)eiertag/Harmattan/freiertag/deb_dist/f-r-eiertag-1.0/debian/freiertag/usr/share/freiertag/data/2012/feiertage
copying data/2012/feiertage/Feiertage_Hamburg_2012.ics -> /home/gabriel/Python/Eigene/F(r)eiertag/Harmattan/freiertag/deb_dist/f-r-eiertag-1.0/debian/freiertag/usr/share/freiertag/data/2012/feiertage
copying data/2012/feiertage/Feiertage_Berlin_2012.ics -> /home/gabriel/Python/Eigene/F(r)eiertag/Harmattan/freiertag/deb_dist/f-r-eiertag-1.0/debian/freiertag/usr/share/freiertag/data/2012/feiertage
copying data/2012/feiertage/Feiertage_Nordrhein_Westfalen_2012.ics -> /home/gabriel/Python/Eigene/F(r)eiertag/Harmattan/freiertag/deb_dist/f-r-eiertag-1.0/debian/freiertag/usr/share/freiertag/data/2012/feiertage
copying data/2012/feiertage/Feiertage_2012.ics -> /home/gabriel/Python/Eigene/F(r)eiertag/Harmattan/freiertag/deb_dist/f-r-eiertag-1.0/debian/freiertag/usr/share/freiertag/data/2012/feiertage
copying data/2012/feiertage/Feiertage_Saarland_2012.ics -> /home/gabriel/Python/Eigene/F(r)eiertag/Harmattan/freiertag/deb_dist/f-r-eiertag-1.0/debian/freiertag/usr/share/freiertag/data/2012/feiertage
copying data/2012/feiertage/Feiertage_Bremen_2012.ics -> /home/gabriel/Python/Eigene/F(r)eiertag/Harmattan/freiertag/deb_dist/f-r-eiertag-1.0/debian/freiertag/usr/share/freiertag/data/2012/feiertage
copying data/2012/feiertage/Feiertage_Brandenburg_2012.ics -> /home/gabriel/Python/Eigene/F(r)eiertag/Harmattan/freiertag/deb_dist/f-r-eiertag-1.0/debian/freiertag/usr/share/freiertag/data/2012/feiertage
copying data/2012/feiertage/Feiertage_Mecklenburg_Vorpommern_2012.ics -> /home/gabriel/Python/Eigene/F(r)eiertag/Harmattan/freiertag/deb_dist/f-r-eiertag-1.0/debian/freiertag/usr/share/freiertag/data/2012/feiertage
copying data/2012/feiertage/Feiertage_Sachsen_2012.ics -> /home/gabriel/Python/Eigene/F(r)eiertag/Harmattan/freiertag/deb_dist/f-r-eiertag-1.0/debian/freiertag/usr/share/freiertag/data/2012/feiertage
copying data/2012/feiertage/Feiertage_Hessen_2012.ics -> /home/gabriel/Python/Eigene/F(r)eiertag/Harmattan/freiertag/deb_dist/f-r-eiertag-1.0/debian/freiertag/usr/share/freiertag/data/2012/feiertage
copying data/2012/feiertage/Feiertage_Schleswig_Holstein_2012.ics -> /home/gabriel/Python/Eigene/F(r)eiertag/Harmattan/freiertag/deb_dist/f-r-eiertag-1.0/debian/freiertag/usr/share/freiertag/data/2012/feiertage
copying data/2012/feiertage/Feiertage_Thueringen_2012.ics -> /home/gabriel/Python/Eigene/F(r)eiertag/Harmattan/freiertag/deb_dist/f-r-eiertag-1.0/debian/freiertag/usr/share/freiertag/data/2012/feiertage
creating /home/gabriel/Python/Eigene/F(r)eiertag/Harmattan/freiertag/deb_dist/f-r-eiertag-1.0/debian/freiertag/usr/share/freiertag/data/2013
creating /home/gabriel/Python/Eigene/F(r)eiertag/Harmattan/freiertag/deb_dist/f-r-eiertag-1.0/debian/freiertag/usr/share/freiertag/data/2013/ferien
copying data/2013/ferien/Ferien_Hessen_2013.ics -> /home/gabriel/Python/Eigene/F(r)eiertag/Harmattan/freiertag/deb_dist/f-r-eiertag-1.0/debian/freiertag/usr/share/freiertag/data/2013/ferien
copying data/2013/ferien/Ferien_Berlin_2013.ics -> /home/gabriel/Python/Eigene/F(r)eiertag/Harmattan/freiertag/deb_dist/f-r-eiertag-1.0/debian/freiertag/usr/share/freiertag/data/2013/ferien
copying data/2013/ferien/Ferien_Sachsen_2013.ics -> /home/gabriel/Python/Eigene/F(r)eiertag/Harmattan/freiertag/deb_dist/f-r-eiertag-1.0/debian/freiertag/usr/share/freiertag/data/2013/ferien
copying data/2013/ferien/Ferien_Rheinland_Pfalz_2013.ics -> /home/gabriel/Python/Eigene/F(r)eiertag/Harmattan/freiertag/deb_dist/f-r-eiertag-1.0/debian/freiertag/usr/share/freiertag/data/2013/ferien
copying data/2013/ferien/Ferien_Brandenburg_2013.ics -> /home/gabriel/Python/Eigene/F(r)eiertag/Harmattan/freiertag/deb_dist/f-r-eiertag-1.0/debian/freiertag/usr/share/freiertag/data/2013/ferien
copying data/2013/ferien/Ferien_Mecklenburg_Vorpommern_2013.ics -> /home/gabriel/Python/Eigene/F(r)eiertag/Harmattan/freiertag/deb_dist/f-r-eiertag-1.0/debian/freiertag/usr/share/freiertag/data/2013/ferien
copying data/2013/ferien/Ferien_Bayern_2013.ics -> /home/gabriel/Python/Eigene/F(r)eiertag/Harmattan/freiertag/deb_dist/f-r-eiertag-1.0/debian/freiertag/usr/share/freiertag/data/2013/ferien
copying data/2013/ferien/Ferien_Schleswig_Holstein_2013.ics -> /home/gabriel/Python/Eigene/F(r)eiertag/Harmattan/freiertag/deb_dist/f-r-eiertag-1.0/debian/freiertag/usr/share/freiertag/data/2013/ferien
copying data/2013/ferien/Ferien_Bremen_2013.ics -> /home/gabriel/Python/Eigene/F(r)eiertag/Harmattan/freiertag/deb_dist/f-r-eiertag-1.0/debian/freiertag/usr/share/freiertag/data/2013/ferien
copying data/2013/ferien/Ferien_Thueringen_2013.ics -> /home/gabriel/Python/Eigene/F(r)eiertag/Harmattan/freiertag/deb_dist/f-r-eiertag-1.0/debian/freiertag/usr/share/freiertag/data/2013/ferien
copying data/2013/ferien/Ferien_Niedersachsen_2013.ics -> /home/gabriel/Python/Eigene/F(r)eiertag/Harmattan/freiertag/deb_dist/f-r-eiertag-1.0/debian/freiertag/usr/share/freiertag/data/2013/ferien
copying data/2013/ferien/Ferien_Hamburg_2013.ics -> /home/gabriel/Python/Eigene/F(r)eiertag/Harmattan/freiertag/deb_dist/f-r-eiertag-1.0/debian/freiertag/usr/share/freiertag/data/2013/ferien
copying data/2013/ferien/Ferien_Baden_Wuerttemberg_2013.ics -> /home/gabriel/Python/Eigene/F(r)eiertag/Harmattan/freiertag/deb_dist/f-r-eiertag-1.0/debian/freiertag/usr/share/freiertag/data/2013/ferien
copying data/2013/ferien/Ferien_Nordrhein_Westfalen_2013.ics -> /home/gabriel/Python/Eigene/F(r)eiertag/Harmattan/freiertag/deb_dist/f-r-eiertag-1.0/debian/freiertag/usr/share/freiertag/data/2013/ferien
copying data/2013/ferien/Ferien_Saarland_2013.ics -> /home/gabriel/Python/Eigene/F(r)eiertag/Harmattan/freiertag/deb_dist/f-r-eiertag-1.0/debian/freiertag/usr/share/freiertag/data/2013/ferien
copying data/2013/ferien/Ferien_Sachsen_Anhalt_2013.ics -> /home/gabriel/Python/Eigene/F(r)eiertag/Harmattan/freiertag/deb_dist/f-r-eiertag-1.0/debian/freiertag/usr/share/freiertag/data/2013/ferien
creating /home/gabriel/Python/Eigene/F(r)eiertag/Harmattan/freiertag/deb_dist/f-r-eiertag-1.0/debian/freiertag/usr/share/freiertag/data/2013/feiertage
copying data/2013/feiertage/Feiertage_Niedersachsen_2013.ics -> /home/gabriel/Python/Eigene/F(r)eiertag/Harmattan/freiertag/deb_dist/f-r-eiertag-1.0/debian/freiertag/usr/share/freiertag/data/2013/feiertage
copying data/2013/feiertage/Feiertage_Hessen_2013.ics -> /home/gabriel/Python/Eigene/F(r)eiertag/Harmattan/freiertag/deb_dist/f-r-eiertag-1.0/debian/freiertag/usr/share/freiertag/data/2013/feiertage
copying data/2013/feiertage/Feiertage_Rheinland_Pfalz_2013.ics -> /home/gabriel/Python/Eigene/F(r)eiertag/Harmattan/freiertag/deb_dist/f-r-eiertag-1.0/debian/freiertag/usr/share/freiertag/data/2013/feiertage
copying data/2013/feiertage/Feiertage_Bremen_2013.ics -> /home/gabriel/Python/Eigene/F(r)eiertag/Harmattan/freiertag/deb_dist/f-r-eiertag-1.0/debian/freiertag/usr/share/freiertag/data/2013/feiertage
copying data/2013/feiertage/Feiertage_Baden_Wuerttemberg_2013.ics -> /home/gabriel/Python/Eigene/F(r)eiertag/Harmattan/freiertag/deb_dist/f-r-eiertag-1.0/debian/freiertag/usr/share/freiertag/data/2013/feiertage
copying data/2013/feiertage/Feiertage_Mecklenburg_Vorpommern_2013.ics -> /home/gabriel/Python/Eigene/F(r)eiertag/Harmattan/freiertag/deb_dist/f-r-eiertag-1.0/debian/freiertag/usr/share/freiertag/data/2013/feiertage
copying data/2013/feiertage/Feiertage_Berlin_2013.ics -> /home/gabriel/Python/Eigene/F(r)eiertag/Harmattan/freiertag/deb_dist/f-r-eiertag-1.0/debian/freiertag/usr/share/freiertag/data/2013/feiertage
copying data/2013/feiertage/Feiertage_Sachsen_2013.ics -> /home/gabriel/Python/Eigene/F(r)eiertag/Harmattan/freiertag/deb_dist/f-r-eiertag-1.0/debian/freiertag/usr/share/freiertag/data/2013/feiertage
copying data/2013/feiertage/Feiertage_Sachsen_Anhalt_2013.ics -> /home/gabriel/Python/Eigene/F(r)eiertag/Harmattan/freiertag/deb_dist/f-r-eiertag-1.0/debian/freiertag/usr/share/freiertag/data/2013/feiertage
copying data/2013/feiertage/Feiertage_2013.ics -> /home/gabriel/Python/Eigene/F(r)eiertag/Harmattan/freiertag/deb_dist/f-r-eiertag-1.0/debian/freiertag/usr/share/freiertag/data/2013/feiertage
copying data/2013/feiertage/Feiertage_Schleswig_Holstein_2013.ics -> /home/gabriel/Python/Eigene/F(r)eiertag/Harmattan/freiertag/deb_dist/f-r-eiertag-1.0/debian/freiertag/usr/share/freiertag/data/2013/feiertage
copying data/2013/feiertage/Feiertage_Bayern_2013.ics -> /home/gabriel/Python/Eigene/F(r)eiertag/Harmattan/freiertag/deb_dist/f-r-eiertag-1.0/debian/freiertag/usr/share/freiertag/data/2013/feiertage
copying data/2013/feiertage/Feiertage_Saarland_2013.ics -> /home/gabriel/Python/Eigene/F(r)eiertag/Harmattan/freiertag/deb_dist/f-r-eiertag-1.0/debian/freiertag/usr/share/freiertag/data/2013/feiertage
copying data/2013/feiertage/Feiertage_Nordrhein_Westfalen_2013.ics -> /home/gabriel/Python/Eigene/F(r)eiertag/Harmattan/freiertag/deb_dist/f-r-eiertag-1.0/debian/freiertag/usr/share/freiertag/data/2013/feiertage
copying data/2013/feiertage/Feiertage_Brandenburg_2013.ics -> /home/gabriel/Python/Eigene/F(r)eiertag/Harmattan/freiertag/deb_dist/f-r-eiertag-1.0/debian/freiertag/usr/share/freiertag/data/2013/feiertage
copying data/2013/feiertage/Feiertage_Hamburg_2013.ics -> /home/gabriel/Python/Eigene/F(r)eiertag/Harmattan/freiertag/deb_dist/f-r-eiertag-1.0/debian/freiertag/usr/share/freiertag/data/2013/feiertage
copying data/2013/feiertage/Feiertage_Thueringen_2013.ics -> /home/gabriel/Python/Eigene/F(r)eiertag/Harmattan/freiertag/deb_dist/f-r-eiertag-1.0/debian/freiertag/usr/share/freiertag/data/2013/feiertage
creating /home/gabriel/Python/Eigene/F(r)eiertag/Harmattan/freiertag/deb_dist/f-r-eiertag-1.0/debian/freiertag/usr/share/freiertag/qml
copying qml/ResultPage.qml -> /home/gabriel/Python/Eigene/F(r)eiertag/Harmattan/freiertag/deb_dist/f-r-eiertag-1.0/debian/freiertag/usr/share/freiertag/qml
copying qml/MainPage.qml -> /home/gabriel/Python/Eigene/F(r)eiertag/Harmattan/freiertag/deb_dist/f-r-eiertag-1.0/debian/freiertag/usr/share/freiertag/qml
copying qml/main.qml -> /home/gabriel/Python/Eigene/F(r)eiertag/Harmattan/freiertag/deb_dist/f-r-eiertag-1.0/debian/freiertag/usr/share/freiertag/qml
running install_egg_info
Creating /home/gabriel/Python/Eigene/F(r)eiertag/Harmattan/freiertag/deb_dist/f-r-eiertag-1.0/debian/freiertag/usr/lib/python2.6/dist-packages/
Writing /home/gabriel/Python/Eigene/F(r)eiertag/Harmattan/freiertag/deb_dist/f-r-eiertag-1.0/debian/freiertag/usr/lib/python2.6/dist-packages/F_r_eiertag-1.0.egg-info
   dh_install -O--buildsystem=python_distutils
   dh_installdocs -O--buildsystem=python_distutils
   dh_installchangelogs -O--buildsystem=python_distutils
   dh_installexamples -O--buildsystem=python_distutils
   dh_installman -O--buildsystem=python_distutils
   dh_installcatalogs -O--buildsystem=python_distutils
   dh_installcron -O--buildsystem=python_distutils
   dh_installdebconf -O--buildsystem=python_distutils
   dh_installemacsen -O--buildsystem=python_distutils
   dh_installifupdown -O--buildsystem=python_distutils
   dh_installinfo -O--buildsystem=python_distutils
   dh_installinit -O--buildsystem=python_distutils
   dh_installmenu -O--buildsystem=python_distutils
   dh_installmime -O--buildsystem=python_distutils
   dh_installmodules -O--buildsystem=python_distutils
   dh_installlogcheck -O--buildsystem=python_distutils
   dh_installlogrotate -O--buildsystem=python_distutils
   dh_installpam -O--buildsystem=python_distutils
   dh_installppp -O--buildsystem=python_distutils
   dh_installudev -O--buildsystem=python_distutils
   dh_installwm -O--buildsystem=python_distutils
   dh_installxfonts -O--buildsystem=python_distutils
   dh_installgsettings -O--buildsystem=python_distutils
   dh_bugfiles -O--buildsystem=python_distutils
   dh_ucf -O--buildsystem=python_distutils
   dh_lintian -O--buildsystem=python_distutils
   dh_gconf -O--buildsystem=python_distutils
   dh_icons -O--buildsystem=python_distutils
   dh_perl -O--buildsystem=python_distutils
   dh_python2 -O--buildsystem=python_distutils
   dh_usrlocal -O--buildsystem=python_distutils
   dh_link -O--buildsystem=python_distutils
   dh_compress -O--buildsystem=python_distutils
   dh_fixperms -O--buildsystem=python_distutils
   dh_strip -O--buildsystem=python_distutils
   dh_makeshlibs -O--buildsystem=python_distutils
   dh_shlibdeps -O--buildsystem=python_distutils
   dh_installdeb -O--buildsystem=python_distutils
   dh_gencontrol -O--buildsystem=python_distutils
dpkg-gencontrol: Warnung: Paket freiertag: unbenutzte Substitutionsvariable ${python:Versions}
   dh_md5sums -O--buildsystem=python_distutils
   dh_builddeb -O--buildsystem=python_distutils
dpkg-deb: Paket »freiertag« wird in »../freiertag_1.0-1_all.deb« gebaut.
 dpkg-genchanges -b >../f-r-eiertag_1.0-1_amd64.changes
dpkg-genchanges: rein binärer Upload - es ist kein Quellcode hinzugefügt
 dpkg-source --after-build f-r-eiertag-1.0
dpkg-buildpackage: Binärpaket(e) hochzuladen (keine Quellen enthalten)
